ALLWMC
AMPWGK
AMPWGX
AMPWML
AMPWMM
AMPWMN
AMPWMT
AMPWMU
AMPWMV
AMPWOI
AMPWOJ
AMPWOK
AMPWOL
AMPWOR
AMPWOS
AWCWOA
AWCWOP
AWEWMB
BHPWGG
BHPWGH
BHPWGS
BHPWML
BHPWMM
BHPWMN
BHPWMO
BHPWMP
BHPWMX
BHPWMY
BHPWMZ
BHPWOI
BHPWOJ
BHPWOK
BHPWOL
BHPWOM
BHPWOU
BHPWOV
BHPWOW
BHPWSC
BHPWSD
BHPWSE
BHPWSZ
BHPWZJ
BHPWZK
BHPWZZ
BILWMC
BILWMD
BILWMP
BILWMZ
BILWOH
BILWOI
BILWOT
BILWOU
BSLWMB
BSLWOB
BSLWOC
BSLWOD
BSLWOP
BSLWOQ
CBAWMA
CBAWMB
CBAWMC
CBAWMD
CBAWMR
CBAWMS
CBAWMT
CBAWMU
CBAWOI
CBAWOJ
CBAWOK
CBAWOL
CBAWOU
CBAWOV
CBAWSH
CBAWSI
CBAWSJ
CBAWWA
CBAWWB
CBAWZO
CBAWZX
CMLWMA
CMLWMB
CMLWMY
CMLWMZ
CPUWMH
CPUWMI
CPUWMV
CPUWMW
CRSWME
CSLWMI
CSLWMJ
CSLWMR
CSLWMS
FGLWMA
GOLWDB
GOLWDC
HDRWME
JBMWMB
KCNWMB
KIMWMA
KIMWMB
LHGWMC
LHGWMS
LHGWOC
LHGWOD
LHGWOE
LHGWOQ
LHGWOR
LHGWZB
LLCWMI
LLCWMQ
LLCWOE
LLCWOF
LLCWOG
LLCWOS
LLCWOT
MXGWOA
MXGWOB
MXGWOC
MXGWOP
MXGWOQ
MXGWSA
NABWGJ
NABWGK
NABWGW
NABWMC
NABWMD
NABWME
NABWMQ
NABWMR
NABWMS
NABWOC
NABWOD
NABWOE
NABWOF
NABWOX
NABWOY
NABWSA
NABWSB
NABWSC
NABWSX
NABWWA
NABWWB
NABWZL
NABWZW
NCMWMA
NCMWMB
NCMWMC
NCMWMV
NCMWMW
NCMWMX
NCMWZB
NCPWGB
NCPWGC
NCPWGU
NCPWMA
NCPWMB
NCPWMN
NCPWMO
NCPWMS
NCPWMT
NCPWMV
NCPWMW
NCPWOE
NCPWOF
NCPWOG
NCPWOH
NCPWOI
NCPWOP
NCPWOQ
NCPWOR
NCPWSB
NCPWSC
NCPWSD
NCPWSI
NCPWSU
NCPWZE
NCPWZF
NCPWZY
OXRWMB
PMNWOD
PMNWOE
PMNWOQ
PMNWOR
PTDWMI
PTDWMJ
PTDWMP
QANWMJ
QANWMK
QANWML
QANWMV
QANWMW
QANWOM
QANWON
QANWOO
QANWOP
QANWOQ
QANWOZ
QANWSE
QANWSF
QANWSG
RIOWGK
RIOWGL
RIOWGV
RIOWMN
RIOWMO
RIOWMP
RIOWMQ
RIOWOF
RIOWOG
RIOWOH
RIOWOR
RIOWOS
RIOWSD
RIOWSE
RIOWSF
RIOWZH
RIOWZT
STOWMA
TLSWGG
TLSWGH
TLSWGQ
TLSWMB
TLSWMC
TLSWMQ
TLSWMR
TLSWOK
TLSWOL
TLSWOM
TLSWON
TLSWOT
TLSWOU
TLSWSD
TLSWSE
TLSWSF
VBAWMA
VBAWMB
VBAWOA
VBAWOB
VBAWOC
VBAWOP
VBAWOQ
VCRWMB
WBCWMA
WBCWMB
WBCWMR
WBCWMS
WBCWOD
WBCWOE
WBCWOS
WBCWOT
WOWWMO
WOWWMY
WOWWOL
WOWWOM
WOWWOX
WOWWOY
WPLWMA
XJOWMB
XJOWMC
XJOWMU
XJOWMV
XJOWOA
XJOWOB
XJOWOJ
XJOWOK
XJOWOL
XJOWOM
XJOWON
XJOWOO
XJOWOP
XJOWOQ
XJOWOR
XJOWOS
XJOWOZ
