ALLWME	ALL	C	25/11/2004	5.75	E	3.0
ALLWMF	ALL	C	24/02/2005	7.75	E	4.0
ALLWZA	ALL	C	22/12/2004	5.25	A	4.0
ALLWZP	ALL	P	22/12/2004	4.50	A	4.0
AMPWMD	AMP	C	28/10/2004	6.50	E	3.0
AMPWME	AMP	C	23/12/2004	6.75	E	3.0
AMPWMP	AMP	P	28/10/2004	6.00	E	3.0
AMPWMQ	AMP	P	23/12/2004	5.75	E	3.0
AMPWOA	AMP	C	23/09/2004	6.25	E	3.0
AMPWOB	AMP	C	23/09/2004	6.50	E	3.0
AMPWOC	AMP	C	23/12/2004	6.50	E	3.0
AMPWOD	AMP	C	23/12/2004	6.75	E	3.0
AMPWOO	AMP	C	23/09/2004	5.75	E	3.0
AMPWOU	AMP	P	23/09/2004	6.00	E	3.0
AMPWOV	AMP	P	23/09/2004	6.25	E	3.0
AMPWOW	AMP	P	23/12/2004	5.75	E	3.0
AMPWOX	AMP	P	23/12/2004	6.00	E	3.0
AMPWZH	AMP	C	22/12/2004	7.00	A	2.0
AMPWZR	AMP	P	22/12/2004	6.00	A	2.0
AWCWMA	AWC	C	23/09/2004	5.50	E	3.0
AWCWMB	AWC	C	25/11/2004	5.50	E	3.0
AWCWMP	AWC	P	23/09/2004	5.00	E	3.0
AWCWMQ	AWC	P	25/11/2004	5.00	E	3.0
AWCWOD	AWC	C	23/09/2004	5.00	E	3.0
AWCWOE	AWC	C	23/09/2004	5.50	E	3.0
AWCWOF	AWC	C	23/12/2004	6.00	E	3.0
AWCWOQ	AWC	P	23/09/2004	5.00	E	3.0
AWCWOR	AWC	P	23/12/2004	5.00	E	3.0
BBGWZA	BBG	C	22/12/2004	9.00	A	4.0
BBGWZP	BBG	P	22/12/2004	8.00	A	4.0
BHPWMG	BHP	C	23/09/2004	12.34	E	4.0
BHPWMH	BHP	C	28/10/2004	13.50	E	4.0
BHPWMI	BHP	C	23/12/2004	14.00	E	4.0
BHPWMU	BHP	P	23/09/2004	15.00	E	1.0
BHPWMW	BHP	P	28/10/2004	12.50	E	4.0
BHPWMX	BHP	P	23/12/2004	13.00	E	4.0
BHPWMY	BHP	P	23/12/2004	16.00	E	1.0
BHPWOB	BHP	C	23/09/2004	11.50	E	4.0
BHPWOC	BHP	C	23/09/2004	13.50	E	4.0
BHPWOD	BHP	C	23/09/2004	12.50	E	4.0
BHPWOE	BHP	C	23/09/2004	13.00	E	4.0
BHPWOF	BHP	C	23/12/2004	13.00	E	4.0
BHPWOG	BHP	C	23/12/2004	13.50	E	4.0
BHPWOH	BHP	C	28/10/2004	14.00	E	4.0
BHPWOP	BHP	P	23/12/2004	12.00	E	4.0
BHPWOQ	BHP	P	23/12/2004	12.50	E	4.0
BHPWOR	BHP	P	28/10/2004	12.50	E	4.0
BHPWOY	BHP	P	23/09/2004	12.00	E	4.0
BHPWOZ	BHP	P	23/09/2004	11.50	E	4.0
BHPWSI	BHP	C	23/09/2004	12.50	E	4.0
BHPWSJ	BHP	C	23/09/2004	11.50	E	4.0
BHPWSK	BHP	C	23/09/2004	12.00	E	4.0
BHPWSL	BHP	C	24/02/2005	12.50	E	4.0
BHPWSM	BHP	C	24/02/2005	13.00	E	4.0
BHPWSN	BHP	C	24/02/2005	13.50	E	4.0
BHPWSS	BHP	P	23/09/2004	12.50	E	4.0
BHPWST	BHP	P	23/09/2004	13.00	E	4.0
BHPWSU	BHP	P	23/09/2004	12.00	E	4.0
BHPWSV	BHP	P	24/02/2005	12.50	E	4.0
BHPWSW	BHP	P	24/02/2005	13.00	E	4.0
BHPWSX	BHP	P	24/02/2005	13.50	E	4.0
BHPWZN	BHP	C	24/11/2004	12.50	A	4.0
BHPWZO	BHP	C	22/12/2004	13.50	A	4.0
BHPWZR	BHP	P	24/11/2004	11.50	A	4.0
BHPWZS	BHP	P	22/12/2004	12.50	A	4.0
BHPWZT	BHP	P	27/10/2004	15.00	A	1.0
BILWMF	BIL	C	28/10/2004	6.50	E	3.0
BILWMG	BIL	C	23/12/2004	7.25	E	3.0
BILWMS	BIL	P	28/10/2004	6.00	E	3.0
BILWMT	BIL	P	23/12/2004	6.50	E	3.0
BILWOA	BIL	C	23/12/2004	7.00	E	3.0
BILWOL	BIL	C	23/09/2004	6.25	E	3.0
BILWOM	BIL	C	23/09/2004	6.00	E	3.0
BILWON	BIL	C	23/09/2004	6.50	E	3.0
BILWOO	BIL	C	23/12/2004	6.50	E	3.0
BILWOW	BIL	P	23/09/2004	5.25	E	3.0
BILWOX	BIL	P	23/09/2004	6.00	E	3.0
BILWOY	BIL	P	23/12/2004	5.75	E	3.0
BILWOZ	BIL	P	23/12/2004	6.00	E	3.0
BILWZE	BIL	C	22/12/2004	6.50	A	2.0
BILWZS	BIL	P	22/12/2004	5.50	A	2.0
BLDWMB	BLD	C	23/09/2004	7.25	E	3.0
BSLWMC	BSL	C	23/09/2004	6.50	E	3.0
BSLWMD	BSL	C	25/11/2004	7.50	E	3.0
BSLWMP	BSL	P	23/09/2004	7.50	E	3.0
BSLWMQ	BSL	P	25/11/2004	7.00	E	3.0
BSLWOE	BSL	C	23/09/2004	5.25	E	3.0
BSLWOG	BSL	C	23/09/2004	6.50	E	3.0
BSLWOH	BSL	C	23/03/2005	7.50	E	3.0
BSLWOI	BSL	C	23/03/2005	8.00	E	3.0
BSLWOR	BSL	P	23/09/2004	5.75	E	3.0
BSLWOS	BSL	P	23/09/2004	7.50	E	3.0
BSLWSA	BSL	C	24/02/2005	7.00	E	4.0
BSLWSB	BSL	C	24/02/2005	7.50	E	4.0
BSLWSP	BSL	P	24/02/2005	7.50	E	4.0
BSLWSQ	BSL	P	24/02/2005	8.00	E	4.0
BSLWZA	BSL	C	22/12/2004	8.00	A	2.0
BSLWZP	BSL	P	22/12/2004	6.00	A	2.0
CBAWMI	CBA	C	23/09/2004	34.00	E	5.0
CBAWMJ	CBA	C	23/09/2004	32.00	E	5.0
CBAWMK	CBA	C	25/11/2004	32.50	E	5.0
CBAWML	CBA	C	25/11/2004	31.50	E	5.0
CBAWMP	CBA	P	23/09/2004	32.00	E	5.0
CBAWMQ	CBA	P	23/09/2004	31.50	E	5.0
CBAWMR	CBA	P	23/09/2004	30.00	E	5.0
CBAWMS	CBA	P	25/11/2004	31.00	E	5.0
CBAWMT	CBA	P	25/11/2004	29.50	E	5.0
CBAWMV	CBA	P	23/12/2004	35.00	E	1.0
CBAWMZ	CBA	P	23/09/2004	37.00	E	1.0
CBAWOA	CBA	C	23/12/2004	33.00	E	5.0
CBAWOB	CBA	C	23/12/2004	30.00	E	5.0
CBAWOC	CBA	C	25/11/2004	31.00	E	4.0
CBAWON	CBA	C	23/09/2004	33.50	E	5.0
CBAWOO	CBA	C	23/09/2004	32.50	E	5.0
CBAWOP	CBA	P	23/09/2004	30.00	E	5.0
CBAWOQ	CBA	P	23/12/2004	28.00	E	5.0
CBAWOR	CBA	P	23/12/2004	30.00	E	5.0
CBAWOS	CBA	P	25/11/2004	29.00	E	4.0
CBAWOY	CBA	P	23/09/2004	29.50	E	5.0
CBAWOZ	CBA	P	23/09/2004	29.00	E	5.0
CBAWSA	CBA	C	23/09/2004	32.50	E	5.0
CBAWSB	CBA	C	24/02/2005	29.00	E	5.0
CBAWSC	CBA	C	24/02/2005	30.00	E	5.0
CBAWSD	CBA	C	24/02/2005	31.00	E	5.0
CBAWSN	CBA	C	23/09/2004	30.50	E	5.0
CBAWSO	CBA	C	23/09/2004	31.50	E	5.0
CBAWSP	CBA	P	23/09/2004	32.50	E	5.0
CBAWSQ	CBA	P	24/02/2005	29.00	E	5.0
CBAWSR	CBA	P	24/02/2005	30.00	E	5.0
CBAWSS	CBA	P	24/02/2005	31.00	E	5.0
CBAWSY	CBA	P	23/09/2004	30.50	E	5.0
CBAWSZ	CBA	P	23/09/2004	31.50	E	5.0
CBAWWA	CBA	C	31/10/2006	18.00	E	1.0
CBAWWB	CBA	C	30/10/2009	18.00	E	1.0
CBAWZC	CBA	C	24/11/2004	32.00	A	5.0
CBAWZD	CBA	C	22/12/2004	33.50	A	5.0
CBAWZP	CBA	P	24/11/2004	31.50	A	5.0
CBAWZQ	CBA	P	22/12/2004	36.00	A	5.0
CMLWMD	CML	C	25/11/2004	9.25	E	3.0
CMLWMQ	CML	P	25/11/2004	8.50	E	3.0
COHWMA	COH	C	25/11/2004	26.00	E	5.0
CPUWMK	CPU	C	23/09/2004	3.50	E	3.0
CPUWML	CPU	C	23/12/2004	3.25	E	3.0
CRSWMG	CRS	C	23/09/2004	0.50	E	2.0
CRSWMH	CRS	C	23/12/2004	0.55	E	2.0
CSLWML	CSL	C	23/09/2004	24.00	E	4.0
CSLWMM	CSL	C	25/11/2004	25.00	E	4.0
CSLWMN	CSL	C	24/02/2005	26.00	E	4.0
CSLWMU	CSL	P	23/09/2004	20.00	E	4.0
CSLWMV	CSL	P	25/11/2004	24.00	E	5.0
CSLWZB	CSL	C	24/11/2004	22.00	A	5.0
CSLWZC	CSL	C	22/12/2004	26.50	A	5.0
CSLWZQ	CSL	P	22/12/2004	24.50	A	5.0
EMPWMA	EMP	C	25/11/2004	1.00	E	2.0
FGLWMC	FGL	C	28/10/2004	4.50	E	3.0
HDRWMG	HDR	C	23/09/2004	1.50	E	2.0
HDRWMH	HDR	C	23/09/2004	1.75	E	2.0
HDRWMI	HDR	C	23/12/2004	1.75	E	2.0
HDRWMJ	HDR	C	25/11/2004	2.25	E	2.0
HHGWMA	HHG	C	23/09/2004	1.30	E	2.0
HHGWMB	HHG	C	25/11/2004	1.10	E	2.0
JBMWME	JBM	C	23/09/2004	4.50	E	3.0
JBMWMF	JBM	C	25/11/2004	4.75	E	3.0
JBMWOA	JBM	C	28/10/2004	4.50	E	3.0
JBMWOP	JBM	P	28/10/2004	4.00	E	3.0
JHXWMA	JHX	C	28/10/2004	6.25	E	3.0
JSTWMA	JST	C	28/10/2004	2.25	E	3.0
JSTWOC	JST	C	23/12/2004	2.25	E	2.0
JSTWOD	JST	C	23/12/2004	2.50	E	2.0
JSTWOQ	JST	P	23/12/2004	2.00	E	2.0
KCNWMC	KCN	C	23/09/2004	3.75	E	4.0
KCNWMD	KCN	C	23/12/2004	3.50	E	4.0
KIMWMC	KIM	C	23/09/2004	1.2438	E	1.99
KIMWMD	KIM	C	23/09/2004	1.7413	E	2.99
KIMWME	KIM	C	23/12/2004	1.75	E	3.0
KIMWOA	KIM	C	23/09/2004	1.50	E	3.0
KIMWOP	KIM	P	23/09/2004	1.25	E	3.0
LHGWMF	LHG	C	28/10/2004	1.10	E	2.0
LHGWMG	LHG	C	23/12/2004	1.20	E	2.0
LHGWMV	LHG	P	28/10/2004	1.10	E	2.0
LHGWOG	LHG	C	23/09/2004	1.10	E	2.0
LHGWOH	LHG	C	23/12/2004	1.00	E	2.0
LHGWOI	LHG	C	23/12/2004	1.25	E	2.0
LHGWOS	LHG	P	23/09/2004	0.90	E	2.0
LHGWOT	LHG	P	23/12/2004	1.00	E	2.0
LLCWMK	LLC	C	23/09/2004	11.50	E	4.0
LLCWML	LLC	C	23/09/2004	11.00	E	4.0
LLCWMM	LLC	C	23/12/2004	11.50	E	4.0
LLCWMS	LLC	P	23/09/2004	10.00	E	4.0
LLCWMT	LLC	P	23/12/2004	10.50	E	4.0
LLCWOI	LLC	C	23/12/2004	11.00	E	4.0
LLCWOJ	LLC	C	23/12/2004	10.50	E	4.0
LLCWOU	LLC	P	23/12/2004	10.00	E	4.0
MCRWMB	MCR	C	23/09/2004	0.65	E	2.0
MCRWMC	MCR	C	23/12/2004	0.70	E	2.0
MREWMA	MRE	C	25/11/2004	2.30	E	3.0
MXGWOD	MXG	C	28/10/2004	3.75	E	3.0
MXGWOR	MXG	P	28/10/2004	3.25	E	3.0
NABWM5	NAB	P	28/10/2004	27.00	E	5.0
NABWMA	NAB	C	23/12/2004	27.00	E	5.0
NABWMB	NAB	C	23/12/2004	28.00	E	5.0
NABWMM	NAB	C	28/10/2004	32.00	E	5.0
NABWMN	NAB	C	28/10/2004	28.50	E	5.0
NABWMO	NAB	C	28/10/2004	29.50	E	5.0
NABWMP	NAB	P	23/09/2004	31.00	E	1.0
NABWMR	NAB	P	28/10/2004	29.00	E	5.0
NABWMS	NAB	P	23/12/2004	25.50	E	5.0
NABWMT	NAB	P	23/12/2004	26.50	E	5.0
NABWMU	NAB	P	23/12/2004	30.00	E	1.0
NABWOA	NAB	C	25/11/2004	26.50	E	5.0
NABWOB	NAB	C	25/11/2004	27.50	E	5.0
NABWOJ	NAB	C	23/09/2004	30.50	E	5.0
NABWOK	NAB	C	23/09/2004	31.50	E	5.0
NABWOL	NAB	C	23/12/2004	29.50	E	5.0
NABWOM	NAB	C	23/12/2004	31.50	E	5.0
NABWON	NAB	C	23/09/2004	28.00	E	5.0
NABWOO	NAB	C	23/09/2004	27.00	E	5.0
NABWOP	NAB	P	23/09/2004	27.50	E	5.0
NABWOQ	NAB	P	23/09/2004	28.50	E	5.0
NABWOR	NAB	P	23/09/2004	26.00	E	5.0
NABWOS	NAB	P	23/12/2004	26.50	E	5.0
NABWOT	NAB	P	23/12/2004	25.00	E	5.0
NABWOU	NAB	P	25/11/2004	25.50	E	5.0
NABWSG	NAB	C	23/09/2004	31.50	E	5.0
NABWSH	NAB	C	23/09/2004	29.50	E	5.0
NABWSI	NAB	C	23/09/2004	30.50	E	5.0
NABWSJ	NAB	C	24/02/2005	25.50	E	5.0
NABWSK	NAB	C	24/02/2005	26.50	E	5.0
NABWSL	NAB	C	24/02/2005	27.50	E	5.0
NABWSQ	NAB	P	23/09/2004	28.50	E	5.0
NABWSR	NAB	P	23/09/2004	26.50	E	5.0
NABWSS	NAB	P	23/09/2004	27.50	E	5.0
NABWST	NAB	P	24/02/2005	25.50	E	5.0
NABWSU	NAB	P	24/02/2005	26.50	E	5.0
NABWSV	NAB	P	24/02/2005	27.50	E	5.0
NABWWA	NAB	C	31/10/2006	19.50	E	1.0
NABWWB	NAB	C	30/10/2009	19.50	E	1.0
NABWZA	NAB	C	22/12/2004	32.00	A	5.0
NABWZO	NAB	C	24/11/2004	30.00	A	5.0
NABWZP	NAB	P	22/12/2004	24.00	A	5.0
NABWZQ	NAB	P	27/10/2004	34.00	A	1.0
NABWZZ	NAB	P	24/11/2004	29.00	A	5.0
NCMWMF	NCM	C	25/11/2004	15.00	E	4.0
NCMWMZ	NCM	P	25/11/2004	14.00	E	4.0
NCMWOA	NCM	C	23/09/2004	12.50	E	4.0
NCMWOB	NCM	C	25/11/2004	15.00	E	4.0
NCMWOC	NCM	C	25/11/2004	17.00	E	4.0
NCMWOP	NCM	P	23/09/2004	14.00	E	4.0
NCMWOQ	NCM	P	25/11/2004	13.50	E	4.0
NCMWOR	NCM	P	25/11/2004	13.00	E	4.0
NCMWZD	NCM	C	22/12/2004	14.50	A	4.0
NCMWZR	NCM	P	22/12/2004	12.50	A	4.0
NCPWMG	NCP	C	23/09/2004	11.50	E	4.0
NCPWMH	NCP	C	23/09/2004	12.50	E	4.0
NCPWMI	NCP	C	25/11/2004	12.00	E	4.0
NCPWMJ	NCP	C	27/01/2005	12.00	E	4.0
NCPWMP	NCP	P	23/09/2004	16.50	E	1.0
NCPWMR	NCP	P	23/09/2004	12.00	E	4.0
NCPWMS	NCP	P	23/09/2004	11.00	E	4.0
NCPWMT	NCP	P	25/11/2004	11.50	E	4.0
NCPWMU	NCP	P	25/11/2004	10.50	E	4.0
NCPWMV	NCP	P	23/12/2004	14.00	E	1.0
NCPWOA	NCP	C	23/12/2004	12.25	E	4.0
NCPWOB	NCP	C	23/12/2004	12.75	E	4.0
NCPWOC	NCP	C	23/12/2004	11.75	E	4.0
NCPWOD	NCP	C	25/11/2004	11.50	E	4.0
NCPWOE	NCP	C	25/11/2004	12.00	E	4.0
NCPWOL	NCP	C	23/09/2004	13.50	E	4.0
NCPWOM	NCP	C	23/09/2004	13.00	E	4.0
NCPWON	NCP	C	23/09/2004	12.50	E	4.0
NCPWOO	NCP	C	23/09/2004	12.00	E	4.0
NCPWOT	NCP	P	23/09/2004	11.50	E	4.0
NCPWOU	NCP	P	23/09/2004	11.00	E	4.0
NCPWOV	NCP	P	23/12/2004	10.50	E	4.0
NCPWOW	NCP	P	23/12/2004	11.50	E	4.0
NCPWOX	NCP	P	25/11/2004	11.00	E	4.0
NCPWSJ	NCP	C	23/09/2004	12.50	E	4.0
NCPWSK	NCP	C	23/09/2004	13.00	E	4.0
NCPWSL	NCP	C	23/09/2004	12.00	E	4.0
NCPWSM	NCP	C	24/02/2005	11.00	E	4.0
NCPWSN	NCP	C	24/02/2005	11.50	E	4.0
NCPWSO	NCP	C	24/02/2005	12.00	E	4.0
NCPWSP	NCP	P	23/09/2004	13.00	E	4.0
NCPWSQ	NCP	P	24/02/2005	11.00	E	4.0
NCPWSR	NCP	P	24/02/2005	11.50	E	4.0
NCPWSS	NCP	P	24/02/2005	12.00	E	4.0
NCPWSY	NCP	P	23/09/2004	12.00	E	4.0
NCPWSZ	NCP	P	23/09/2004	12.50	E	4.0
NCPWZI	NCP	C	24/11/2004	13.00	A	4.0
NCPWZJ	NCP	C	22/12/2004	12.00	A	4.0
NCPWZQ	NCP	P	24/11/2004	12.50	A	4.0
NCPWZR	NCP	P	22/12/2004	11.50	A	4.0
NCPWZS	NCP	P	27/10/2004	16.00	A	1.0
ORIWMB	ORI	C	25/11/2004	17.00	E	5.0
ORIWMQ	ORI	P	25/11/2004	16.00	E	5.0
OSHWMA	OSH	C	25/11/2004	1.45	E	2.0
OSHWOA	OSH	C	28/10/2004	1.40	E	2.0
OSHWOP	OSH	P	28/10/2004	1.20	E	2.0
OSHWZA	OSH	C	22/12/2004	1.40	A	1.0
OSHWZP	OSH	P	22/12/2004	1.20	A	1.0
OSTWMA	OST	C	28/10/2004	2.75	E	3.0
OXRWMD	OXR	C	28/10/2004	0.95	E	2.0
OXRWME	OXR	C	23/12/2004	0.90	E	3.0
OXRWOA	OXR	C	25/11/2004	1.00	E	2.0
OXRWOP	OXR	P	25/11/2004	0.75	E	2.0
PBGWMA	PBG	C	23/09/2004	2.75	E	2.0
PBGWMP	PBG	P	23/09/2004	2.75	E	2.0
PRKWMA	PRK	C	23/12/2004	5.25	E	3.0
PRKWZB	PRK	C	22/12/2004	5.25	A	2.0
PTDWML	PTD	C	23/09/2004	1.70	E	4.0
PTDWMM	PTD	C	23/12/2004	1.50	E	4.0
QANWMN	QAN	C	28/10/2004	3.50	E	3.0
QANWMO	QAN	C	27/01/2005	3.75	E	3.0
QANWMY	QAN	P	27/01/2005	3.25	E	3.0
QANWOC	QAN	C	23/09/2004	3.75	E	3.0
QANWOD	QAN	C	23/12/2004	3.50	E	3.0
QANWOE	QAN	C	23/12/2004	4.00	E	3.0
QANWOS	QAN	P	23/09/2004	3.25	E	3.0
QANWOT	QAN	P	23/12/2004	3.25	E	3.0
QANWSK	QAN	C	23/09/2004	3.25	E	3.0
QANWSL	QAN	C	23/09/2004	3.50	E	3.0
QANWSM	QAN	C	24/02/2005	3.25	E	3.0
QANWSN	QAN	C	24/02/2005	3.50	E	3.0
QANWSQ	QAN	P	23/09/2004	4.00	E	3.0
QANWSR	QAN	P	24/02/2005	3.50	E	3.0
QANWSS	QAN	P	24/02/2005	3.75	E	3.0
QANWZD	QAN	C	22/12/2004	3.50	A	2.0
QANWZR	QAN	P	22/12/2004	3.25	A	2.0
QBEWOA	QBE	C	28/10/2004	12.50	E	4.0
QBEWOB	QBE	C	28/10/2004	13.50	E	4.0
QBEWOP	QBE	P	28/10/2004	12.00	E	4.0
RIOWMF	RIO	C	25/11/2004	37.00	E	5.0
RIOWMG	RIO	C	25/11/2004	39.00	E	5.0
RIOWMU	RIO	P	23/09/2004	40.00	E	1.0
RIOWMW	RIO	P	25/11/2004	37.00	E	5.0
RIOWMX	RIO	P	25/11/2004	36.00	E	5.0
RIOWMY	RIO	P	23/12/2004	42.00	E	1.0
RIOWOJ	RIO	C	23/09/2004	33.50	E	6.0
RIOWOK	RIO	C	23/09/2004	37.00	E	6.0
RIOWOL	RIO	C	23/09/2004	38.50	E	6.0
RIOWOM	RIO	C	23/12/2004	36.00	E	6.0
RIOWON	RIO	C	23/12/2004	37.50	E	6.0
RIOWOO	RIO	C	23/12/2004	39.00	E	6.0
RIOWOU	RIO	P	23/09/2004	35.50	E	6.0
RIOWOV	RIO	P	23/09/2004	31.50	E	6.0
RIOWOW	RIO	P	23/09/2004	34.50	E	6.0
RIOWOX	RIO	P	23/12/2004	33.00	E	6.0
RIOWOY	RIO	P	23/12/2004	35.00	E	6.0
RIOWZK	RIO	C	24/11/2004	40.00	A	6.0
RIOWZL	RIO	C	22/12/2004	36.50	A	6.0
RIOWZW	RIO	P	24/11/2004	34.00	A	6.0
RIOWZX	RIO	P	22/12/2004	36.00	A	6.0
RIOWZY	RIO	P	27/10/2004	40.00	A	1.0
SGBWMB	SGB	C	23/09/2004	22.00	E	4.0
SGBWMC	SGB	C	23/12/2004	22.00	E	5.0
SGBWMQ	SGB	P	23/09/2004	21.50	E	4.0
SGBWMR	SGB	P	23/12/2004	21.00	E	5.0
SGWWMA	SGW	C	25/11/2004	1.75	E	2.0
SLXWMA	SLX	C	23/09/2004	1.00	E	2.0
SSXWZA	SSX	C	22/12/2004	1.10	A	1.0
STOWMC	STO	C	23/09/2004	7.50	E	3.0
STOWMD	STO	C	23/12/2004	7.75	E	3.0
STOWME	STO	C	23/12/2004	7.25	E	3.0
STOWMP	STO	P	23/12/2004	7.00	E	3.0
TAHWMA	TAH	C	27/01/2005	15.00	E	4.0
TAPWMA	TAP	C	23/12/2004	1.75	E	2.0
TENWMA	TEN	C	25/11/2004	3.50	E	2.0
TLSWME	TLS	C	23/09/2004	4.75	E	3.0
TLSWMF	TLS	C	23/09/2004	5.25	E	3.0
TLSWMG	TLS	C	23/09/2004	5.00	E	3.0
TLSWMH	TLS	C	25/11/2004	5.00	E	3.0
TLSWMI	TLS	C	25/11/2004	4.75	E	3.0
TLSWMT	TLS	P	23/09/2004	4.50	E	3.0
TLSWMU	TLS	P	23/09/2004	5.00	E	3.0
TLSWMV	TLS	P	25/11/2004	4.75	E	3.0
TLSWOA	TLS	C	23/09/2004	4.70	E	3.0
TLSWOB	TLS	C	23/09/2004	5.25	E	3.0
TLSWOC	TLS	C	23/12/2004	5.00	E	3.0
TLSWOD	TLS	C	23/12/2004	5.50	E	3.0
TLSWOV	TLS	P	23/09/2004	4.75	E	3.0
TLSWOW	TLS	P	23/09/2004	5.00	E	3.0
TLSWOX	TLS	P	23/12/2004	4.75	E	3.0
TOLWMC	TOL	C	23/09/2004	11.50	E	3.0
TOLWMD	TOL	C	23/12/2004	11.00	E	4.0
TOLWMQ	TOL	P	23/09/2004	10.00	E	3.0
VBAWMC	VBA	C	25/11/2004	2.25	E	3.0
VBAWMD	VBA	C	23/12/2004	1.75	E	3.0
VBAWOD	VBA	C	23/12/2004	2.50	E	2.0
VBAWOE	VBA	C	23/12/2004	2.25	E	2.0
VBAWOR	VBA	P	23/12/2004	2.00	E	2.0
VBAWZB	VBA	C	22/12/2004	2.00	A	1.0
VBAWZQ	VBA	P	22/12/2004	1.75	A	1.0
VCRWMC	VCR	C	23/09/2004	2.00	E	4.0
VCRWMD	VCR	C	23/12/2004	2.00	E	4.0
WBCWMD	WBC	C	23/09/2004	18.00	E	4.0
WBCWME	WBC	C	23/09/2004	17.00	E	4.0
WBCWMF	WBC	C	25/11/2004	17.00	E	4.0
WBCWMV	WBC	P	23/09/2004	17.00	E	4.0
WBCWMW	WBC	P	23/09/2004	21.00	E	1.0
WBCWMX	WBC	P	23/09/2004	16.50	E	4.0
WBCWMY	WBC	P	25/11/2004	16.00	E	4.0
WBCWMZ	WBC	P	23/12/2004	19.00	E	1.0
WBCWOG	WBC	C	23/09/2004	18.00	E	5.0
WBCWOH	WBC	C	23/09/2004	17.00	E	5.0
WBCWOI	WBC	C	23/09/2004	16.50	E	5.0
WBCWOJ	WBC	C	23/12/2004	17.50	E	5.0
WBCWOK	WBC	C	23/12/2004	18.50	E	5.0
WBCWOL	WBC	C	25/11/2004	16.00	E	4.0
WBCWOM	WBC	C	25/11/2004	17.00	E	4.0
WBCWOV	WBC	P	23/09/2004	16.50	E	5.0
WBCWOW	WBC	P	23/09/2004	16.00	E	5.0
WBCWOX	WBC	P	23/12/2004	16.00	E	5.0
WBCWOY	WBC	P	25/11/2004	15.50	E	4.0
WBCWZB	WBC	C	22/12/2004	18.50	A	5.0
WBCWZQ	WBC	P	22/12/2004	17.00	A	5.0
WDCWMA	WDC	C	27/01/2005	16.00	E	4.0
WDCWOA	WDC	C	28/10/2004	15.00	E	4.0
WDCWOB	WDC	C	28/10/2004	15.50	E	4.0
WDCWOC	WDC	C	28/10/2004	16.50	E	4.0
WDCWOD	WDC	C	23/12/2004	15.00	E	4.0
WDCWOE	WDC	C	23/12/2004	16.00	E	4.0
WDCWOF	WDC	C	23/12/2004	17.00	E	4.0
WDCWOP	WDC	P	28/10/2004	13.50	E	4.0
WDCWOQ	WDC	P	28/10/2004	14.50	E	4.0
WDCWOR	WDC	P	23/12/2004	13.00	E	4.0
WDCWOS	WDC	P	23/12/2004	14.00	E	4.0
WDCWOT	WDC	P	23/12/2004	14.50	E	4.0
WMRWMB	WMR	C	23/09/2004	5.00	E	3.0
WMRWMC	WMR	C	25/11/2004	5.25	E	3.0
WMRWMQ	WMR	P	23/09/2004	5.00	E	3.0
WMRWMR	WMR	P	25/11/2004	4.75	E	3.0
WMRWOA	WMR	C	23/09/2004	5.00	E	3.0
WMRWOB	WMR	C	23/12/2004	5.50	E	3.0
WMRWOC	WMR	C	23/12/2004	5.25	E	3.0
WMRWOP	WMR	P	23/09/2004	4.50	E	3.0
WMRWOQ	WMR	P	23/12/2004	4.75	E	3.0
WMRWZB	WMR	C	22/12/2004	5.25	A	2.0
WMRWZQ	WMR	P	22/12/2004	4.50	A	2.0
WOWWMB	WOW	C	23/09/2004	12.00	E	4.0
WOWWMC	WOW	C	23/12/2004	13.00	E	4.0
WOWWMP	WOW	P	23/09/2004	11.00	E	4.0
WOWWMQ	WOW	P	23/12/2004	12.00	E	4.0
WOWWOA	WOW	C	23/09/2004	13.00	E	4.0
WOWWOB	WOW	C	23/12/2004	13.50	E	4.0
WOWWON	WOW	C	23/09/2004	12.50	E	4.0
WOWWOO	WOW	C	23/12/2004	12.50	E	4.0
WOWWOP	WOW	P	23/12/2004	11.00	E	4.0
WOWWOZ	WOW	P	23/09/2004	11.25	E	4.0
WPLWMC	WPL	C	23/09/2004	17.00	E	4.0
WPLWMD	WPL	C	23/12/2004	19.00	E	4.0
WPLWMP	WPL	P	23/09/2004	16.00	E	4.0
WPLWMQ	WPL	P	23/12/2004	18.00	E	4.0
WPLWZC	WPL	C	24/11/2004	17.50	A	4.0
WPLWZD	WPL	C	22/12/2004	19.00	A	4.0
WPLWZP	WPL	P	22/12/2004	17.50	A	4.0
XJOWMI	XJO	C	16/09/2004	3650	E	0.005
XJOWMJ	XJO	C	01/11/2004	3550	E	0.005
XJOWMK	XJO	C	01/11/2004	3650	E	0.005
XJOWML	XJO	C	01/12/2004	3600	E	0.005
XJOWMS	XJO	P	16/09/2004	3450	E	0.005
XJOWMT	XJO	P	01/11/2004	3350	E	0.005
XJOWMW	XJO	P	01/11/2004	3450	E	0.005
XJOWMX	XJO	P	01/12/2004	3400	E	0.005
XJOWOA	XJO	C	16/09/2004	3450	E	0.005
XJOWOB	XJO	C	16/09/2004	3650	E	0.005
XJOWOI	XJO	C	01/12/2004	3650	E	0.005
XJOWOJ	XJO	C	01/12/2004	3750	E	0.005
XJOWOS	XJO	P	16/09/2004	3150	E	0.005
XJOWOY	XJO	P	01/12/2004	3375	E	0.005
XJOWOZ	XJO	P	01/12/2004	3425	E	0.005
XJOWSA	XJO	C	16/12/2004	3450	E	0.005
XJOWSB	XJO	C	16/12/2004	3550	E	0.005
XJOWSP	XJO	P	16/12/2004	3500	E	0.005
XJOWSQ	XJO	P	16/12/2004	3600	E	0.005
